<?xml version="1.0" encoding="UTF-8" ?>
<testsuite tests="13" failures="0" name="HDC.cucumber.MavenCucumberPrototype1.RunnerTest" time="0.129" errors="0" skipped="0">
  <properties>
[...]
</properties>
  <testcase classname="Scenario: Submitting Request Home Estimate Form" name="Given I am on the Request Home Estimate page" time="0.008"/>
  <testcase classname="Scenario: Submitting Request Home Estimate Form" name="When I enter &quot;150 Main Street&quot; in the address field" time="0"/>
  <testcase classname="Scenario: Submitting Request Home Estimate Form" name="And I enter &quot;Your Hometown&quot; in the city field" time="0.007"/>
  <testcase classname="Scenario: Submitting Request Home Estimate Form" name="And I select &quot;Florida&quot; from the state dropdown" time="0"/>
  <testcase classname="Scenario: Submitting Request Home Estimate Form" name="And I enter &quot;33333&quot; in the zip field" time="0"/>
  <testcase classname="Scenario: Submitting Request Home Estimate Form" name="And I enter &quot;Test&quot; in the first name field" time="0"/>
  <testcase classname="Scenario: Submitting Request Home Estimate Form" name="And I enter &quot;Lead&quot; in the last name field" time="0"/>
  <testcase classname="Scenario: Submitting Request Home Estimate Form" name="And I enter &quot;1234567890&quot; in the phone field on the mortgage page" time="0"/>
  <testcase classname="Scenario: Submitting Request Home Estimate Form" name="And I enter &quot;Request_Home_Estimate@regression.test&quot; in the email field on the mortgage page" time="0"/>
  <testcase classname="Scenario: Submitting Request Home Estimate Form" name="And I click the submitCMARequestFormButton" time="0"/>
  <testcase classname="Scenario: Submitting Request Home Estimate Form" name="Then I should see &quot;Your request has been sent&quot; in the new page" time="0"/>
  <testcase classname="Scenario: Submitting Request Home Estimate Form" name="And I should see &quot;Thank you for completing the free home market analysis. An agent will be contacting you soon with information regarding the home and surrounding real estate market.&quot; on home estimate" time="0"/>
  <testcase classname="Scenario: Submitting Request Home Estimate Form" name="Scenario: Submitting Request Home Estimate Form" time="0.114"/>
</testsuite>